[debug] [2021-05-06T06:33:34.331Z] ----------------------------------------------------------------------
[debug] [2021-05-06T06:33:34.333Z] Command:       /usr/local/bin/node /usr/local/bin/firebase init
[debug] [2021-05-06T06:33:34.333Z] CLI Version:   9.10.1
[debug] [2021-05-06T06:33:34.333Z] Platform:      darwin
[debug] [2021-05-06T06:33:34.333Z] Node Version:  v14.15.4
[debug] [2021-05-06T06:33:34.334Z] Time:          Thu May 06 2021 12:03:34 GMT+0530 (India Standard Time)
[debug] [2021-05-06T06:33:34.334Z] ----------------------------------------------------------------------
[debug] 
[debug] [2021-05-06T06:33:34.340Z] > command requires scopes: ["email","openid","https://www.googleapis.com/auth/cloudplatformprojects.readonly","https://www.googleapis.com/auth/firebase","https://www.googleapis.com/auth/cloud-platform"]
[debug] [2021-05-06T06:33:34.340Z] > authorizing via signed-in user (ysnchary@gmail.com)
[info] 
     ######## #### ########  ######## ########     ###     ######  ########
     ##        ##  ##     ## ##       ##     ##  ##   ##  ##       ##
     ######    ##  ########  ######   ########  #########  ######  ######
     ##        ##  ##    ##  ##       ##     ## ##     ##       ## ##
     ##       #### ##     ## ######## ########  ##     ##  ######  ########

You're about to initialize a Firebase project in this directory:

  /Users/sai/Documents/GitHub/saineelofficial.github.io/disney-plus-clone

[info] 
=== Project Setup
[info] 
[info] First, let's associate this project directory with a Firebase project.
[info] You can create multiple project aliases by running firebase use --add, 
[info] but for now we'll just set up a default project.
[info] 
[info] 
=== Hosting Setup
[info] 
[info] Your public directory is the folder (relative to your project directory) that
[info] will contain Hosting assets to be uploaded with firebase deploy. If you
[info] have a build process for your assets, use your build's output directory.
[info] 
